<?xml version="1.0" encoding="UTF-8"?>
<!-- Generated by org.testng.reporters.JUnitReportReporter -->
<testsuite hostname="Lenovo" failures="0" tests="3" name="org.openms.demo.test.OpenMrsDataDrivenFramework" time="115.783" errors="0" timestamp="2024-08-21T09:56:23 IST" skipped="0">
  <testcase classname="org.openms.demo.test.OpenMrsDataDrivenFramework" name="registerPatient" time="35.264"/>
  <system-out/>
  <testcase classname="org.openms.demo.test.OpenMrsDataDrivenFramework" name="registerPatient" time="29.922"/>
  <system-out/>
  <testcase classname="org.openms.demo.test.OpenMrsDataDrivenFramework" name="registerPatient" time="50.597"/>
  <system-out/>
</testsuite> <!-- org.openms.demo.test.OpenMrsDataDrivenFramework -->
