<?xml version="1.0" encoding="UTF-8"?>
<!-- Generated by org.testng.reporters.JUnitReportReporter -->
<testsuite hostname="Lenovo" failures="0" tests="4" name="org.openms.demo.test.OpenMrsKeywordDrivenFramework" time="257.174" errors="0" timestamp="2024-08-21T09:10:11 IST" skipped="0">
  <testcase classname="org.openms.demo.test.OpenMrsKeywordDrivenFramework" name="activateVisitsAndAddAttachment" time="82.796"/>
  <system-out/>
  <testcase classname="org.openms.demo.test.OpenMrsKeywordDrivenFramework" name="deletePatient" time="40.651"/>
  <system-out/>
  <testcase classname="org.openms.demo.test.OpenMrsKeywordDrivenFramework" name="registerPatient" time="84.014"/>
  <system-out/>
  <testcase classname="org.openms.demo.test.OpenMrsKeywordDrivenFramework" name="findPatient" time="49.713"/>
  <system-out/>
</testsuite> <!-- org.openms.demo.test.OpenMrsKeywordDrivenFramework -->
