<?xml version="1.0" encoding="UTF-8"?>
<!-- Generated by org.testng.reporters.JUnitReportReporter -->
<testsuite hostname="Lenovo" failures="0" tests="1" name="org.openms.demo.test.TestNGTest" time="0.043" errors="0" timestamp="2024-08-14T09:31:19 IST" skipped="0">
  <testcase classname="org.openms.demo.test.TestNGTest" name="test1" time="0.043"/>
  <system-out/>
</testsuite> <!-- org.openms.demo.test.TestNGTest -->
