<?xml version="1.0" encoding="UTF-8"?>
<!-- Generated by org.testng.reporters.JUnitReportReporter -->
<testsuite hostname="Lenovo" failures="0" tests="4" name="org.openms.demo.test.OpenMrsTestNGTest2" time="0.083" errors="0" timestamp="2024-08-19T09:44:09 IST" skipped="0">
  <testcase classname="org.openms.demo.test.OpenMrsTestNGTest2" name="registerPatient" time="0.045"/>
  <system-out/>
  <testcase classname="org.openms.demo.test.OpenMrsTestNGTest2" name="findPatient" time="0.008"/>
  <system-out/>
  <testcase classname="org.openms.demo.test.OpenMrsTestNGTest2" name="activateVisitsAndAddAttachment" time="0.015"/>
  <system-out/>
  <testcase classname="org.openms.demo.test.OpenMrsTestNGTest2" name="deletePatient" time="0.015"/>
  <system-out/>
</testsuite> <!-- org.openms.demo.test.OpenMrsTestNGTest2 -->
