<?xml version="1.0" encoding="UTF-8"?>
<!-- Generated by org.testng.reporters.JUnitReportReporter -->
<testsuite hostname="Lenovo" failures="0" tests="3" name="org.openms.demo.test.OpenMrsTestNGTest" time="0.026" errors="0" timestamp="2024-08-19T09:23:34 IST" skipped="1">
  <testcase classname="org.openms.demo.test.OpenMrsTestNGTest" name="registerPatient" time="0.016"/>
  <system-out/>
  <testcase classname="org.openms.demo.test.OpenMrsTestNGTest" name="findPatient" time="0.010"/>
  <system-out/>
  <testcase classname="org.openms.demo.test.OpenMrsTestNGTest" name="activateVisitsAndAddAttachment">
    <skipped/>
  </testcase> <!-- activateVisitsAndAddAttachment -->
  <system-out/>
</testsuite> <!-- org.openms.demo.test.OpenMrsTestNGTest -->
